<?xml version="1.0" encoding="UTF-8"?>
<testsuite xmlns:xsi="http://www.w3.org/2001/XMLSchema-instance" xsi:noNamespaceSchemaLocation="https://maven.apache.org/surefire/maven-surefire-plugin/xsd/surefire-test-report.xsd" name="StopCommandTest" time="0" tests="1" errors="0" skipped="0" failures="0">
  <properties>
    <property name="sun.desktop" value="windows"/>
    <property name="awt.toolkit" value="sun.awt.windows.WToolkit"/>
    <property name="java.specification.version" value="11"/>
    <property name="sun.cpu.isalist" value="amd64"/>
    <property name="sun.jnu.encoding" value="Cp1251"/>
    <property name="java.class.path" value="C:\Projects\Tbot\target\test-classes;C:\Projects\Tbot\target\classes;C:\Users\user\.m2\repository\org\springframework\boot\spring-boot-starter-test\2.6.0\spring-boot-starter-test-2.6.0.jar;C:\Users\user\.m2\repository\org\springframework\boot\spring-boot-starter\2.3.10.RELEASE\spring-boot-starter-2.3.10.RELEASE.jar;C:\Users\user\.m2\repository\org\springframework\boot\spring-boot-starter-logging\2.3.10.RELEASE\spring-boot-starter-logging-2.3.10.RELEASE.jar;C:\Users\user\.m2\repository\ch\qos\logback\logback-classic\1.2.3\logback-classic-1.2.3.jar;C:\Users\user\.m2\repository\ch\qos\logback\logback-core\1.2.3\logback-core-1.2.3.jar;C:\Users\user\.m2\repository\org\apache\logging\log4j\log4j-to-slf4j\2.13.3\log4j-to-slf4j-2.13.3.jar;C:\Users\user\.m2\repository\org\apache\logging\log4j\log4j-api\2.13.3\log4j-api-2.13.3.jar;C:\Users\user\.m2\repository\org\slf4j\jul-to-slf4j\1.7.30\jul-to-slf4j-1.7.30.jar;C:\Users\user\.m2\repository\jakarta\annotation\jakarta.annotation-api\1.3.5\jakarta.annotation-api-1.3.5.jar;C:\Users\user\.m2\repository\org\yaml\snakeyaml\1.26\snakeyaml-1.26.jar;C:\Users\user\.m2\repository\org\springframework\boot\spring-boot-test\2.3.10.RELEASE\spring-boot-test-2.3.10.RELEASE.jar;C:\Users\user\.m2\repository\org\springframework\boot\spring-boot-test-autoconfigure\2.3.10.RELEASE\spring-boot-test-autoconfigure-2.3.10.RELEASE.jar;C:\Users\user\.m2\repository\com\jayway\jsonpath\json-path\2.4.0\json-path-2.4.0.jar;C:\Users\user\.m2\repository\net\minidev\json-smart\2.3\json-smart-2.3.jar;C:\Users\user\.m2\repository\net\minidev\accessors-smart\1.2\accessors-smart-1.2.jar;C:\Users\user\.m2\repository\org\ow2\asm\asm\5.0.4\asm-5.0.4.jar;C:\Users\user\.m2\repository\jakarta\xml\bind\jakarta.xml.bind-api\2.3.3\jakarta.xml.bind-api-2.3.3.jar;C:\Users\user\.m2\repository\org\assertj\assertj-core\3.16.1\assertj-core-3.16.1.jar;C:\Users\user\.m2\repository\org\hamcrest\hamcrest\2.2\hamcrest-2.2.jar;C:\Users\user\.m2\repository\org\junit\jupiter\junit-jupiter\5.6.3\junit-jupiter-5.6.3.jar;C:\Users\user\.m2\repository\org\junit\jupiter\junit-jupiter-api\5.6.3\junit-jupiter-api-5.6.3.jar;C:\Users\user\.m2\repository\org\apiguardian\apiguardian-api\1.1.0\apiguardian-api-1.1.0.jar;C:\Users\user\.m2\repository\org\opentest4j\opentest4j\1.2.0\opentest4j-1.2.0.jar;C:\Users\user\.m2\repository\org\junit\platform\junit-platform-commons\1.6.3\junit-platform-commons-1.6.3.jar;C:\Users\user\.m2\repository\org\junit\jupiter\junit-jupiter-params\5.6.3\junit-jupiter-params-5.6.3.jar;C:\Users\user\.m2\repository\org\junit\jupiter\junit-jupiter-engine\5.6.3\junit-jupiter-engine-5.6.3.jar;C:\Users\user\.m2\repository\org\junit\platform\junit-platform-engine\1.6.3\junit-platform-engine-1.6.3.jar;C:\Users\user\.m2\repository\org\mockito\mockito-core\3.3.3\mockito-core-3.3.3.jar;C:\Users\user\.m2\repository\net\bytebuddy\byte-buddy-agent\1.10.22\byte-buddy-agent-1.10.22.jar;C:\Users\user\.m2\repository\org\objenesis\objenesis\2.6\objenesis-2.6.jar;C:\Users\user\.m2\repository\org\mockito\mockito-junit-jupiter\3.3.3\mockito-junit-jupiter-3.3.3.jar;C:\Users\user\.m2\repository\org\skyscreamer\jsonassert\1.5.0\jsonassert-1.5.0.jar;C:\Users\user\.m2\repository\com\vaadin\external\google\android-json\0.0.20131108.vaadin1\android-json-0.0.20131108.vaadin1.jar;C:\Users\user\.m2\repository\org\springframework\spring-core\5.2.14.RELEASE\spring-core-5.2.14.RELEASE.jar;C:\Users\user\.m2\repository\org\springframework\spring-jcl\5.2.14.RELEASE\spring-jcl-5.2.14.RELEASE.jar;C:\Users\user\.m2\repository\org\springframework\spring-test\5.2.14.RELEASE\spring-test-5.2.14.RELEASE.jar;C:\Users\user\.m2\repository\org\xmlunit\xmlunit-core\2.7.0\xmlunit-core-2.7.0.jar;C:\Users\user\.m2\repository\org\projectlombok\lombok\1.18.10\lombok-1.18.10.jar;C:\Users\user\.m2\repository\org\slf4j\slf4j-simple\1.7.32\slf4j-simple-1.7.32.jar;C:\Users\user\.m2\repository\org\slf4j\slf4j-api\1.7.30\slf4j-api-1.7.30.jar;C:\Users\user\.m2\repository\org\telegram\telegrambots-spring-boot-starter\5.4.0.1\telegrambots-spring-boot-starter-5.4.0.1.jar;C:\Users\user\.m2\repository\org\telegram\telegrambots\5.4.0.1\telegrambots-5.4.0.1.jar;C:\Users\user\.m2\repository\org\telegram\telegrambots-meta\5.4.0.1\telegrambots-meta-5.4.0.1.jar;C:\Users\user\.m2\repository\com\fasterxml\jackson\core\jackson-annotations\2.11.4\jackson-annotations-2.11.4.jar;C:\Users\user\.m2\repository\com\fasterxml\jackson\module\jackson-module-jaxb-annotations\2.11.4\jackson-module-jaxb-annotations-2.11.4.jar;C:\Users\user\.m2\repository\com\fasterxml\jackson\core\jackson-core\2.11.4\jackson-core-2.11.4.jar;C:\Users\user\.m2\repository\com\fasterxml\jackson\core\jackson-databind\2.11.4\jackson-databind-2.11.4.jar;C:\Users\user\.m2\repository\org\glassfish\jersey\inject\jersey-hk2\2.30.1\jersey-hk2-2.30.1.jar;C:\Users\user\.m2\repository\org\glassfish\hk2\hk2-locator\2.6.1\hk2-locator-2.6.1.jar;C:\Users\user\.m2\repository\org\glassfish\hk2\external\aopalliance-repackaged\2.6.1\aopalliance-repackaged-2.6.1.jar;C:\Users\user\.m2\repository\org\glassfish\hk2\hk2-api\2.6.1\hk2-api-2.6.1.jar;C:\Users\user\.m2\repository\org\glassfish\hk2\hk2-utils\2.6.1\hk2-utils-2.6.1.jar;C:\Users\user\.m2\repository\org\glassfish\jersey\media\jersey-media-json-jackson\2.30.1\jersey-media-json-jackson-2.30.1.jar;C:\Users\user\.m2\repository\org\glassfish\jersey\ext\jersey-entity-filtering\2.30.1\jersey-entity-filtering-2.30.1.jar;C:\Users\user\.m2\repository\org\glassfish\jersey\containers\jersey-container-grizzly2-http\2.30.1\jersey-container-grizzly2-http-2.30.1.jar;C:\Users\user\.m2\repository\org\glassfish\grizzly\grizzly-http-server\2.4.4\grizzly-http-server-2.4.4.jar;C:\Users\user\.m2\repository\org\glassfish\grizzly\grizzly-http\2.4.4\grizzly-http-2.4.4.jar;C:\Users\user\.m2\repository\org\glassfish\grizzly\grizzly-framework\2.4.4\grizzly-framework-2.4.4.jar;C:\Users\user\.m2\repository\org\glassfish\jersey\core\jersey-server\2.30.1\jersey-server-2.30.1.jar;C:\Users\user\.m2\repository\org\glassfish\jersey\media\jersey-media-jaxb\2.30.1\jersey-media-jaxb-2.30.1.jar;C:\Users\user\.m2\repository\jakarta\validation\jakarta.validation-api\2.0.2\jakarta.validation-api-2.0.2.jar;C:\Users\user\.m2\repository\org\json\json\20180813\json-20180813.jar;C:\Users\user\.m2\repository\org\apache\httpcomponents\httpmime\4.5.13\httpmime-4.5.13.jar;C:\Users\user\.m2\repository\org\springframework\boot\spring-boot\2.3.10.RELEASE\spring-boot-2.3.10.RELEASE.jar;C:\Users\user\.m2\repository\org\springframework\spring-context\5.2.14.RELEASE\spring-context-5.2.14.RELEASE.jar;C:\Users\user\.m2\repository\org\springframework\spring-expression\5.2.14.RELEASE\spring-expression-5.2.14.RELEASE.jar;C:\Users\user\.m2\repository\org\springframework\boot\spring-boot-autoconfigure\2.3.10.RELEASE\spring-boot-autoconfigure-2.3.10.RELEASE.jar;C:\Users\user\.m2\repository\junit\junit\4.13.2\junit-4.13.2.jar;C:\Users\user\.m2\repository\org\hamcrest\hamcrest-core\2.2\hamcrest-core-2.2.jar;C:\Users\user\.m2\repository\org\springframework\boot\spring-boot-starter-data-jpa\2.2.2.RELEASE\spring-boot-starter-data-jpa-2.2.2.RELEASE.jar;C:\Users\user\.m2\repository\org\springframework\boot\spring-boot-starter-aop\2.3.10.RELEASE\spring-boot-starter-aop-2.3.10.RELEASE.jar;C:\Users\user\.m2\repository\org\springframework\spring-aop\5.2.14.RELEASE\spring-aop-5.2.14.RELEASE.jar;C:\Users\user\.m2\repository\org\aspectj\aspectjweaver\1.9.6\aspectjweaver-1.9.6.jar;C:\Users\user\.m2\repository\org\springframework\boot\spring-boot-starter-jdbc\2.3.10.RELEASE\spring-boot-starter-jdbc-2.3.10.RELEASE.jar;C:\Users\user\.m2\repository\com\zaxxer\HikariCP\3.4.5\HikariCP-3.4.5.jar;C:\Users\user\.m2\repository\org\springframework\spring-jdbc\5.2.14.RELEASE\spring-jdbc-5.2.14.RELEASE.jar;C:\Users\user\.m2\repository\jakarta\activation\jakarta.activation-api\1.2.2\jakarta.activation-api-1.2.2.jar;C:\Users\user\.m2\repository\jakarta\persistence\jakarta.persistence-api\2.2.3\jakarta.persistence-api-2.2.3.jar;C:\Users\user\.m2\repository\jakarta\transaction\jakarta.transaction-api\1.3.3\jakarta.transaction-api-1.3.3.jar;C:\Users\user\.m2\repository\org\springframework\data\spring-data-jpa\2.3.9.RELEASE\spring-data-jpa-2.3.9.RELEASE.jar;C:\Users\user\.m2\repository\org\springframework\data\spring-data-commons\2.3.9.RELEASE\spring-data-commons-2.3.9.RELEASE.jar;C:\Users\user\.m2\repository\org\springframework\spring-orm\5.2.14.RELEASE\spring-orm-5.2.14.RELEASE.jar;C:\Users\user\.m2\repository\org\springframework\spring-tx\5.2.14.RELEASE\spring-tx-5.2.14.RELEASE.jar;C:\Users\user\.m2\repository\org\springframework\spring-beans\5.2.14.RELEASE\spring-beans-5.2.14.RELEASE.jar;C:\Users\user\.m2\repository\org\springframework\spring-aspects\5.2.14.RELEASE\spring-aspects-5.2.14.RELEASE.jar;C:\Users\user\.m2\repository\org\postgresql\postgresql\42.3.1\postgresql-42.3.1.jar;C:\Users\user\.m2\repository\org\checkerframework\checker-qual\3.5.0\checker-qual-3.5.0.jar;C:\Users\user\.m2\repository\org\hibernate\hibernate-core\5.4.2.Final\hibernate-core-5.4.2.Final.jar;C:\Users\user\.m2\repository\org\jboss\logging\jboss-logging\3.4.1.Final\jboss-logging-3.4.1.Final.jar;C:\Users\user\.m2\repository\javax\persistence\javax.persistence-api\2.2\javax.persistence-api-2.2.jar;C:\Users\user\.m2\repository\org\javassist\javassist\3.24.0-GA\javassist-3.24.0-GA.jar;C:\Users\user\.m2\repository\net\bytebuddy\byte-buddy\1.10.22\byte-buddy-1.10.22.jar;C:\Users\user\.m2\repository\antlr\antlr\2.7.7\antlr-2.7.7.jar;C:\Users\user\.m2\repository\org\jboss\spec\javax\transaction\jboss-transaction-api_1.2_spec\1.1.1.Final\jboss-transaction-api_1.2_spec-1.1.1.Final.jar;C:\Users\user\.m2\repository\org\jboss\jandex\2.0.5.Final\jandex-2.0.5.Final.jar;C:\Users\user\.m2\repository\com\fasterxml\classmate\1.5.1\classmate-1.5.1.jar;C:\Users\user\.m2\repository\javax\activation\javax.activation-api\1.2.0\javax.activation-api-1.2.0.jar;C:\Users\user\.m2\repository\org\dom4j\dom4j\2.1.1\dom4j-2.1.1.jar;C:\Users\user\.m2\repository\org\hibernate\common\hibernate-commons-annotations\5.1.0.Final\hibernate-commons-annotations-5.1.0.Final.jar;C:\Users\user\.m2\repository\javax\xml\bind\jaxb-api\2.3.1\jaxb-api-2.3.1.jar;C:\Users\user\.m2\repository\org\glassfish\jaxb\jaxb-runtime\2.3.4\jaxb-runtime-2.3.4.jar;C:\Users\user\.m2\repository\org\glassfish\jaxb\txw2\2.3.4\txw2-2.3.4.jar;C:\Users\user\.m2\repository\com\sun\istack\istack-commons-runtime\3.0.12\istack-commons-runtime-3.0.12.jar;C:\Users\user\.m2\repository\com\sun\activation\jakarta.activation\1.2.2\jakarta.activation-1.2.2.jar;C:\Users\user\.m2\repository\com\github\docker-java\docker-java\3.0.14\docker-java-3.0.14.jar;C:\Users\user\.m2\repository\com\fasterxml\jackson\jaxrs\jackson-jaxrs-json-provider\2.11.4\jackson-jaxrs-json-provider-2.11.4.jar;C:\Users\user\.m2\repository\com\fasterxml\jackson\jaxrs\jackson-jaxrs-base\2.11.4\jackson-jaxrs-base-2.11.4.jar;C:\Users\user\.m2\repository\org\glassfish\jersey\connectors\jersey-apache-connector\2.30.1\jersey-apache-connector-2.30.1.jar;C:\Users\user\.m2\repository\org\glassfish\jersey\core\jersey-common\2.30.1\jersey-common-2.30.1.jar;C:\Users\user\.m2\repository\org\glassfish\hk2\osgi-resource-locator\1.0.3\osgi-resource-locator-1.0.3.jar;C:\Users\user\.m2\repository\jakarta\ws\rs\jakarta.ws.rs-api\2.1.6\jakarta.ws.rs-api-2.1.6.jar;C:\Users\user\.m2\repository\org\apache\httpcomponents\httpcore\4.4.14\httpcore-4.4.14.jar;C:\Users\user\.m2\repository\org\apache\httpcomponents\httpclient\4.5.13\httpclient-4.5.13.jar;C:\Users\user\.m2\repository\org\glassfish\jersey\core\jersey-client\2.30.1\jersey-client-2.30.1.jar;C:\Users\user\.m2\repository\org\glassfish\hk2\external\jakarta.inject\2.6.1\jakarta.inject-2.6.1.jar;C:\Users\user\.m2\repository\com\kohlschutter\junixsocket\junixsocket-common\2.0.4\junixsocket-common-2.0.4.jar;C:\Users\user\.m2\repository\log4j\log4j\1.2.17\log4j-1.2.17.jar;C:\Users\user\.m2\repository\com\kohlschutter\junixsocket\junixsocket-native-common\2.0.4\junixsocket-native-common-2.0.4.jar;C:\Users\user\.m2\repository\org\scijava\native-lib-loader\2.0.2\native-lib-loader-2.0.2.jar;C:\Users\user\.m2\repository\org\apache\commons\commons-compress\1.12\commons-compress-1.12.jar;C:\Users\user\.m2\repository\commons-codec\commons-codec\1.14\commons-codec-1.14.jar;C:\Users\user\.m2\repository\commons-lang\commons-lang\2.6\commons-lang-2.6.jar;C:\Users\user\.m2\repository\commons-io\commons-io\2.5\commons-io-2.5.jar;C:\Users\user\.m2\repository\org\slf4j\jcl-over-slf4j\1.7.30\jcl-over-slf4j-1.7.30.jar;C:\Users\user\.m2\repository\com\google\guava\guava\19.0\guava-19.0.jar;C:\Users\user\.m2\repository\org\bouncycastle\bcpkix-jdk15on\1.54\bcpkix-jdk15on-1.54.jar;C:\Users\user\.m2\repository\org\bouncycastle\bcprov-jdk15on\1.54\bcprov-jdk15on-1.54.jar;C:\Users\user\.m2\repository\io\netty\netty-codec-http\4.1.63.Final\netty-codec-http-4.1.63.Final.jar;C:\Users\user\.m2\repository\io\netty\netty-common\4.1.63.Final\netty-common-4.1.63.Final.jar;C:\Users\user\.m2\repository\io\netty\netty-buffer\4.1.63.Final\netty-buffer-4.1.63.Final.jar;C:\Users\user\.m2\repository\io\netty\netty-transport\4.1.63.Final\netty-transport-4.1.63.Final.jar;C:\Users\user\.m2\repository\io\netty\netty-codec\4.1.63.Final\netty-codec-4.1.63.Final.jar;C:\Users\user\.m2\repository\io\netty\netty-handler\4.1.63.Final\netty-handler-4.1.63.Final.jar;C:\Users\user\.m2\repository\io\netty\netty-resolver\4.1.63.Final\netty-resolver-4.1.63.Final.jar;C:\Users\user\.m2\repository\io\netty\netty-handler-proxy\4.1.63.Final\netty-handler-proxy-4.1.63.Final.jar;C:\Users\user\.m2\repository\io\netty\netty-codec-socks\4.1.63.Final\netty-codec-socks-4.1.63.Final.jar;C:\Users\user\.m2\repository\io\netty\netty-transport-native-epoll\4.1.63.Final\netty-transport-native-epoll-4.1.63.Final-linux-x86_64.jar;C:\Users\user\.m2\repository\io\netty\netty-transport-native-unix-common\4.1.63.Final\netty-transport-native-unix-common-4.1.63.Final.jar;C:\Users\user\.m2\repository\io\netty\netty-transport-native-kqueue\4.1.63.Final\netty-transport-native-kqueue-4.1.63.Final-osx-x86_64.jar;"/>
    <property name="java.vm.vendor" value="Oracle Corporation"/>
    <property name="sun.arch.data.model" value="64"/>
    <property name="user.variant" value=""/>
    <property name="java.vendor.url" value="http://java.oracle.com/"/>
    <property name="user.timezone" value="GMT+04:00"/>
    <property name="java.vm.specification.version" value="11"/>
    <property name="os.name" value="Windows 10"/>
    <property name="sun.java.launcher" value="SUN_STANDARD"/>
    <property name="user.country" value="RU"/>
    <property name="sun.boot.library.path" value="C:\Program Files\Java\jdk-11\bin"/>
    <property name="sun.java.command" value="C:\Users\user\AppData\Local\Temp\surefire10482917782130674712\surefirebooter11731925859504555087.jar C:\Users\user\AppData\Local\Temp\surefire10482917782130674712 2022-04-01T12-04-37_511-jvmRun1 surefire7060420327153196424tmp surefire_0228275839409648962tmp"/>
    <property name="jdk.debug" value="release"/>
    <property name="surefire.test.class.path" value="C:\Projects\Tbot\target\test-classes;C:\Projects\Tbot\target\classes;C:\Users\user\.m2\repository\org\springframework\boot\spring-boot-starter-test\2.6.0\spring-boot-starter-test-2.6.0.jar;C:\Users\user\.m2\repository\org\springframework\boot\spring-boot-starter\2.3.10.RELEASE\spring-boot-starter-2.3.10.RELEASE.jar;C:\Users\user\.m2\repository\org\springframework\boot\spring-boot-starter-logging\2.3.10.RELEASE\spring-boot-starter-logging-2.3.10.RELEASE.jar;C:\Users\user\.m2\repository\ch\qos\logback\logback-classic\1.2.3\logback-classic-1.2.3.jar;C:\Users\user\.m2\repository\ch\qos\logback\logback-core\1.2.3\logback-core-1.2.3.jar;C:\Users\user\.m2\repository\org\apache\logging\log4j\log4j-to-slf4j\2.13.3\log4j-to-slf4j-2.13.3.jar;C:\Users\user\.m2\repository\org\apache\logging\log4j\log4j-api\2.13.3\log4j-api-2.13.3.jar;C:\Users\user\.m2\repository\org\slf4j\jul-to-slf4j\1.7.30\jul-to-slf4j-1.7.30.jar;C:\Users\user\.m2\repository\jakarta\annotation\jakarta.annotation-api\1.3.5\jakarta.annotation-api-1.3.5.jar;C:\Users\user\.m2\repository\org\yaml\snakeyaml\1.26\snakeyaml-1.26.jar;C:\Users\user\.m2\repository\org\springframework\boot\spring-boot-test\2.3.10.RELEASE\spring-boot-test-2.3.10.RELEASE.jar;C:\Users\user\.m2\repository\org\springframework\boot\spring-boot-test-autoconfigure\2.3.10.RELEASE\spring-boot-test-autoconfigure-2.3.10.RELEASE.jar;C:\Users\user\.m2\repository\com\jayway\jsonpath\json-path\2.4.0\json-path-2.4.0.jar;C:\Users\user\.m2\repository\net\minidev\json-smart\2.3\json-smart-2.3.jar;C:\Users\user\.m2\repository\net\minidev\accessors-smart\1.2\accessors-smart-1.2.jar;C:\Users\user\.m2\repository\org\ow2\asm\asm\5.0.4\asm-5.0.4.jar;C:\Users\user\.m2\repository\jakarta\xml\bind\jakarta.xml.bind-api\2.3.3\jakarta.xml.bind-api-2.3.3.jar;C:\Users\user\.m2\repository\org\assertj\assertj-core\3.16.1\assertj-core-3.16.1.jar;C:\Users\user\.m2\repository\org\hamcrest\hamcrest\2.2\hamcrest-2.2.jar;C:\Users\user\.m2\repository\org\junit\jupiter\junit-jupiter\5.6.3\junit-jupiter-5.6.3.jar;C:\Users\user\.m2\repository\org\junit\jupiter\junit-jupiter-api\5.6.3\junit-jupiter-api-5.6.3.jar;C:\Users\user\.m2\repository\org\apiguardian\apiguardian-api\1.1.0\apiguardian-api-1.1.0.jar;C:\Users\user\.m2\repository\org\opentest4j\opentest4j\1.2.0\opentest4j-1.2.0.jar;C:\Users\user\.m2\repository\org\junit\platform\junit-platform-commons\1.6.3\junit-platform-commons-1.6.3.jar;C:\Users\user\.m2\repository\org\junit\jupiter\junit-jupiter-params\5.6.3\junit-jupiter-params-5.6.3.jar;C:\Users\user\.m2\repository\org\junit\jupiter\junit-jupiter-engine\5.6.3\junit-jupiter-engine-5.6.3.jar;C:\Users\user\.m2\repository\org\junit\platform\junit-platform-engine\1.6.3\junit-platform-engine-1.6.3.jar;C:\Users\user\.m2\repository\org\mockito\mockito-core\3.3.3\mockito-core-3.3.3.jar;C:\Users\user\.m2\repository\net\bytebuddy\byte-buddy-agent\1.10.22\byte-buddy-agent-1.10.22.jar;C:\Users\user\.m2\repository\org\objenesis\objenesis\2.6\objenesis-2.6.jar;C:\Users\user\.m2\repository\org\mockito\mockito-junit-jupiter\3.3.3\mockito-junit-jupiter-3.3.3.jar;C:\Users\user\.m2\repository\org\skyscreamer\jsonassert\1.5.0\jsonassert-1.5.0.jar;C:\Users\user\.m2\repository\com\vaadin\external\google\android-json\0.0.20131108.vaadin1\android-json-0.0.20131108.vaadin1.jar;C:\Users\user\.m2\repository\org\springframework\spring-core\5.2.14.RELEASE\spring-core-5.2.14.RELEASE.jar;C:\Users\user\.m2\repository\org\springframework\spring-jcl\5.2.14.RELEASE\spring-jcl-5.2.14.RELEASE.jar;C:\Users\user\.m2\repository\org\springframework\spring-test\5.2.14.RELEASE\spring-test-5.2.14.RELEASE.jar;C:\Users\user\.m2\repository\org\xmlunit\xmlunit-core\2.7.0\xmlunit-core-2.7.0.jar;C:\Users\user\.m2\repository\org\projectlombok\lombok\1.18.10\lombok-1.18.10.jar;C:\Users\user\.m2\repository\org\slf4j\slf4j-simple\1.7.32\slf4j-simple-1.7.32.jar;C:\Users\user\.m2\repository\org\slf4j\slf4j-api\1.7.30\slf4j-api-1.7.30.jar;C:\Users\user\.m2\repository\org\telegram\telegrambots-spring-boot-starter\5.4.0.1\telegrambots-spring-boot-starter-5.4.0.1.jar;C:\Users\user\.m2\repository\org\telegram\telegrambots\5.4.0.1\telegrambots-5.4.0.1.jar;C:\Users\user\.m2\repository\org\telegram\telegrambots-meta\5.4.0.1\telegrambots-meta-5.4.0.1.jar;C:\Users\user\.m2\repository\com\fasterxml\jackson\core\jackson-annotations\2.11.4\jackson-annotations-2.11.4.jar;C:\Users\user\.m2\repository\com\fasterxml\jackson\module\jackson-module-jaxb-annotations\2.11.4\jackson-module-jaxb-annotations-2.11.4.jar;C:\Users\user\.m2\repository\com\fasterxml\jackson\core\jackson-core\2.11.4\jackson-core-2.11.4.jar;C:\Users\user\.m2\repository\com\fasterxml\jackson\core\jackson-databind\2.11.4\jackson-databind-2.11.4.jar;C:\Users\user\.m2\repository\org\glassfish\jersey\inject\jersey-hk2\2.30.1\jersey-hk2-2.30.1.jar;C:\Users\user\.m2\repository\org\glassfish\hk2\hk2-locator\2.6.1\hk2-locator-2.6.1.jar;C:\Users\user\.m2\repository\org\glassfish\hk2\external\aopalliance-repackaged\2.6.1\aopalliance-repackaged-2.6.1.jar;C:\Users\user\.m2\repository\org\glassfish\hk2\hk2-api\2.6.1\hk2-api-2.6.1.jar;C:\Users\user\.m2\repository\org\glassfish\hk2\hk2-utils\2.6.1\hk2-utils-2.6.1.jar;C:\Users\user\.m2\repository\org\glassfish\jersey\media\jersey-media-json-jackson\2.30.1\jersey-media-json-jackson-2.30.1.jar;C:\Users\user\.m2\repository\org\glassfish\jersey\ext\jersey-entity-filtering\2.30.1\jersey-entity-filtering-2.30.1.jar;C:\Users\user\.m2\repository\org\glassfish\jersey\containers\jersey-container-grizzly2-http\2.30.1\jersey-container-grizzly2-http-2.30.1.jar;C:\Users\user\.m2\repository\org\glassfish\grizzly\grizzly-http-server\2.4.4\grizzly-http-server-2.4.4.jar;C:\Users\user\.m2\repository\org\glassfish\grizzly\grizzly-http\2.4.4\grizzly-http-2.4.4.jar;C:\Users\user\.m2\repository\org\glassfish\grizzly\grizzly-framework\2.4.4\grizzly-framework-2.4.4.jar;C:\Users\user\.m2\repository\org\glassfish\jersey\core\jersey-server\2.30.1\jersey-server-2.30.1.jar;C:\Users\user\.m2\repository\org\glassfish\jersey\media\jersey-media-jaxb\2.30.1\jersey-media-jaxb-2.30.1.jar;C:\Users\user\.m2\repository\jakarta\validation\jakarta.validation-api\2.0.2\jakarta.validation-api-2.0.2.jar;C:\Users\user\.m2\repository\org\json\json\20180813\json-20180813.jar;C:\Users\user\.m2\repository\org\apache\httpcomponents\httpmime\4.5.13\httpmime-4.5.13.jar;C:\Users\user\.m2\repository\org\springframework\boot\spring-boot\2.3.10.RELEASE\spring-boot-2.3.10.RELEASE.jar;C:\Users\user\.m2\repository\org\springframework\spring-context\5.2.14.RELEASE\spring-context-5.2.14.RELEASE.jar;C:\Users\user\.m2\repository\org\springframework\spring-expression\5.2.14.RELEASE\spring-expression-5.2.14.RELEASE.jar;C:\Users\user\.m2\repository\org\springframework\boot\spring-boot-autoconfigure\2.3.10.RELEASE\spring-boot-autoconfigure-2.3.10.RELEASE.jar;C:\Users\user\.m2\repository\junit\junit\4.13.2\junit-4.13.2.jar;C:\Users\user\.m2\repository\org\hamcrest\hamcrest-core\2.2\hamcrest-core-2.2.jar;C:\Users\user\.m2\repository\org\springframework\boot\spring-boot-starter-data-jpa\2.2.2.RELEASE\spring-boot-starter-data-jpa-2.2.2.RELEASE.jar;C:\Users\user\.m2\repository\org\springframework\boot\spring-boot-starter-aop\2.3.10.RELEASE\spring-boot-starter-aop-2.3.10.RELEASE.jar;C:\Users\user\.m2\repository\org\springframework\spring-aop\5.2.14.RELEASE\spring-aop-5.2.14.RELEASE.jar;C:\Users\user\.m2\repository\org\aspectj\aspectjweaver\1.9.6\aspectjweaver-1.9.6.jar;C:\Users\user\.m2\repository\org\springframework\boot\spring-boot-starter-jdbc\2.3.10.RELEASE\spring-boot-starter-jdbc-2.3.10.RELEASE.jar;C:\Users\user\.m2\repository\com\zaxxer\HikariCP\3.4.5\HikariCP-3.4.5.jar;C:\Users\user\.m2\repository\org\springframework\spring-jdbc\5.2.14.RELEASE\spring-jdbc-5.2.14.RELEASE.jar;C:\Users\user\.m2\repository\jakarta\activation\jakarta.activation-api\1.2.2\jakarta.activation-api-1.2.2.jar;C:\Users\user\.m2\repository\jakarta\persistence\jakarta.persistence-api\2.2.3\jakarta.persistence-api-2.2.3.jar;C:\Users\user\.m2\repository\jakarta\transaction\jakarta.transaction-api\1.3.3\jakarta.transaction-api-1.3.3.jar;C:\Users\user\.m2\repository\org\springframework\data\spring-data-jpa\2.3.9.RELEASE\spring-data-jpa-2.3.9.RELEASE.jar;C:\Users\user\.m2\repository\org\springframework\data\spring-data-commons\2.3.9.RELEASE\spring-data-commons-2.3.9.RELEASE.jar;C:\Users\user\.m2\repository\org\springframework\spring-orm\5.2.14.RELEASE\spring-orm-5.2.14.RELEASE.jar;C:\Users\user\.m2\repository\org\springframework\spring-tx\5.2.14.RELEASE\spring-tx-5.2.14.RELEASE.jar;C:\Users\user\.m2\repository\org\springframework\spring-beans\5.2.14.RELEASE\spring-beans-5.2.14.RELEASE.jar;C:\Users\user\.m2\repository\org\springframework\spring-aspects\5.2.14.RELEASE\spring-aspects-5.2.14.RELEASE.jar;C:\Users\user\.m2\repository\org\postgresql\postgresql\42.3.1\postgresql-42.3.1.jar;C:\Users\user\.m2\repository\org\checkerframework\checker-qual\3.5.0\checker-qual-3.5.0.jar;C:\Users\user\.m2\repository\org\hibernate\hibernate-core\5.4.2.Final\hibernate-core-5.4.2.Final.jar;C:\Users\user\.m2\repository\org\jboss\logging\jboss-logging\3.4.1.Final\jboss-logging-3.4.1.Final.jar;C:\Users\user\.m2\repository\javax\persistence\javax.persistence-api\2.2\javax.persistence-api-2.2.jar;C:\Users\user\.m2\repository\org\javassist\javassist\3.24.0-GA\javassist-3.24.0-GA.jar;C:\Users\user\.m2\repository\net\bytebuddy\byte-buddy\1.10.22\byte-buddy-1.10.22.jar;C:\Users\user\.m2\repository\antlr\antlr\2.7.7\antlr-2.7.7.jar;C:\Users\user\.m2\repository\org\jboss\spec\javax\transaction\jboss-transaction-api_1.2_spec\1.1.1.Final\jboss-transaction-api_1.2_spec-1.1.1.Final.jar;C:\Users\user\.m2\repository\org\jboss\jandex\2.0.5.Final\jandex-2.0.5.Final.jar;C:\Users\user\.m2\repository\com\fasterxml\classmate\1.5.1\classmate-1.5.1.jar;C:\Users\user\.m2\repository\javax\activation\javax.activation-api\1.2.0\javax.activation-api-1.2.0.jar;C:\Users\user\.m2\repository\org\dom4j\dom4j\2.1.1\dom4j-2.1.1.jar;C:\Users\user\.m2\repository\org\hibernate\common\hibernate-commons-annotations\5.1.0.Final\hibernate-commons-annotations-5.1.0.Final.jar;C:\Users\user\.m2\repository\javax\xml\bind\jaxb-api\2.3.1\jaxb-api-2.3.1.jar;C:\Users\user\.m2\repository\org\glassfish\jaxb\jaxb-runtime\2.3.4\jaxb-runtime-2.3.4.jar;C:\Users\user\.m2\repository\org\glassfish\jaxb\txw2\2.3.4\txw2-2.3.4.jar;C:\Users\user\.m2\repository\com\sun\istack\istack-commons-runtime\3.0.12\istack-commons-runtime-3.0.12.jar;C:\Users\user\.m2\repository\com\sun\activation\jakarta.activation\1.2.2\jakarta.activation-1.2.2.jar;C:\Users\user\.m2\repository\com\github\docker-java\docker-java\3.0.14\docker-java-3.0.14.jar;C:\Users\user\.m2\repository\com\fasterxml\jackson\jaxrs\jackson-jaxrs-json-provider\2.11.4\jackson-jaxrs-json-provider-2.11.4.jar;C:\Users\user\.m2\repository\com\fasterxml\jackson\jaxrs\jackson-jaxrs-base\2.11.4\jackson-jaxrs-base-2.11.4.jar;C:\Users\user\.m2\repository\org\glassfish\jersey\connectors\jersey-apache-connector\2.30.1\jersey-apache-connector-2.30.1.jar;C:\Users\user\.m2\repository\org\glassfish\jersey\core\jersey-common\2.30.1\jersey-common-2.30.1.jar;C:\Users\user\.m2\repository\org\glassfish\hk2\osgi-resource-locator\1.0.3\osgi-resource-locator-1.0.3.jar;C:\Users\user\.m2\repository\jakarta\ws\rs\jakarta.ws.rs-api\2.1.6\jakarta.ws.rs-api-2.1.6.jar;C:\Users\user\.m2\repository\org\apache\httpcomponents\httpcore\4.4.14\httpcore-4.4.14.jar;C:\Users\user\.m2\repository\org\apache\httpcomponents\httpclient\4.5.13\httpclient-4.5.13.jar;C:\Users\user\.m2\repository\org\glassfish\jersey\core\jersey-client\2.30.1\jersey-client-2.30.1.jar;C:\Users\user\.m2\repository\org\glassfish\hk2\external\jakarta.inject\2.6.1\jakarta.inject-2.6.1.jar;C:\Users\user\.m2\repository\com\kohlschutter\junixsocket\junixsocket-common\2.0.4\junixsocket-common-2.0.4.jar;C:\Users\user\.m2\repository\log4j\log4j\1.2.17\log4j-1.2.17.jar;C:\Users\user\.m2\repository\com\kohlschutter\junixsocket\junixsocket-native-common\2.0.4\junixsocket-native-common-2.0.4.jar;C:\Users\user\.m2\repository\org\scijava\native-lib-loader\2.0.2\native-lib-loader-2.0.2.jar;C:\Users\user\.m2\repository\org\apache\commons\commons-compress\1.12\commons-compress-1.12.jar;C:\Users\user\.m2\repository\commons-codec\commons-codec\1.14\commons-codec-1.14.jar;C:\Users\user\.m2\repository\commons-lang\commons-lang\2.6\commons-lang-2.6.jar;C:\Users\user\.m2\repository\commons-io\commons-io\2.5\commons-io-2.5.jar;C:\Users\user\.m2\repository\org\slf4j\jcl-over-slf4j\1.7.30\jcl-over-slf4j-1.7.30.jar;C:\Users\user\.m2\repository\com\google\guava\guava\19.0\guava-19.0.jar;C:\Users\user\.m2\repository\org\bouncycastle\bcpkix-jdk15on\1.54\bcpkix-jdk15on-1.54.jar;C:\Users\user\.m2\repository\org\bouncycastle\bcprov-jdk15on\1.54\bcprov-jdk15on-1.54.jar;C:\Users\user\.m2\repository\io\netty\netty-codec-http\4.1.63.Final\netty-codec-http-4.1.63.Final.jar;C:\Users\user\.m2\repository\io\netty\netty-common\4.1.63.Final\netty-common-4.1.63.Final.jar;C:\Users\user\.m2\repository\io\netty\netty-buffer\4.1.63.Final\netty-buffer-4.1.63.Final.jar;C:\Users\user\.m2\repository\io\netty\netty-transport\4.1.63.Final\netty-transport-4.1.63.Final.jar;C:\Users\user\.m2\repository\io\netty\netty-codec\4.1.63.Final\netty-codec-4.1.63.Final.jar;C:\Users\user\.m2\repository\io\netty\netty-handler\4.1.63.Final\netty-handler-4.1.63.Final.jar;C:\Users\user\.m2\repository\io\netty\netty-resolver\4.1.63.Final\netty-resolver-4.1.63.Final.jar;C:\Users\user\.m2\repository\io\netty\netty-handler-proxy\4.1.63.Final\netty-handler-proxy-4.1.63.Final.jar;C:\Users\user\.m2\repository\io\netty\netty-codec-socks\4.1.63.Final\netty-codec-socks-4.1.63.Final.jar;C:\Users\user\.m2\repository\io\netty\netty-transport-native-epoll\4.1.63.Final\netty-transport-native-epoll-4.1.63.Final-linux-x86_64.jar;C:\Users\user\.m2\repository\io\netty\netty-transport-native-unix-common\4.1.63.Final\netty-transport-native-unix-common-4.1.63.Final.jar;C:\Users\user\.m2\repository\io\netty\netty-transport-native-kqueue\4.1.63.Final\netty-transport-native-kqueue-4.1.63.Final-osx-x86_64.jar;"/>
    <property name="sun.cpu.endian" value="little"/>
    <property name="user.home" value="C:\Users\user"/>
    <property name="user.language" value="ru"/>
    <property name="java.specification.vendor" value="Oracle Corporation"/>
    <property name="java.version.date" value="2018-09-25"/>
    <property name="java.home" value="C:\Program Files\Java\jdk-11"/>
    <property name="file.separator" value="\"/>
    <property name="basedir" value="C:\Projects\Tbot"/>
    <property name="java.vm.compressedOopsMode" value="32-bit"/>
    <property name="line.separator" value="&#10;"/>
    <property name="java.specification.name" value="Java Platform API Specification"/>
    <property name="java.vm.specification.vendor" value="Oracle Corporation"/>
    <property name="java.awt.graphicsenv" value="sun.awt.Win32GraphicsEnvironment"/>
    <property name="surefire.real.class.path" value="C:\Users\user\AppData\Local\Temp\surefire10482917782130674712\surefirebooter11731925859504555087.jar"/>
    <property name="user.script" value=""/>
    <property name="sun.management.compiler" value="HotSpot 64-Bit Tiered Compilers"/>
    <property name="java.runtime.version" value="11+28"/>
    <property name="user.name" value="user"/>
    <property name="path.separator" value=";"/>
    <property name="os.version" value="10.0"/>
    <property name="java.runtime.name" value="OpenJDK Runtime Environment"/>
    <property name="file.encoding" value="Cp1251"/>
    <property name="java.vm.name" value="OpenJDK 64-Bit Server VM"/>
    <property name="java.vendor.version" value="18.9"/>
    <property name="localRepository" value="C:\Users\user\.m2\repository"/>
    <property name="java.vendor.url.bug" value="http://bugreport.java.com/bugreport/"/>
    <property name="java.io.tmpdir" value="C:\Users\user\AppData\Local\Temp\"/>
    <property name="java.version" value="11"/>
    <property name="user.dir" value="C:\Projects\Tbot"/>
    <property name="os.arch" value="amd64"/>
    <property name="java.vm.specification.name" value="Java Virtual Machine Specification"/>
    <property name="java.awt.printerjob" value="sun.awt.windows.WPrinterJob"/>
    <property name="sun.os.patch.level" value=""/>
    <property name="java.library.path" value="C:\Program Files\Java\jdk-11\bin;C:\Windows\Sun\Java\bin;C:\Windows\system32;C:\Windows;C:\Program Files (x86)\Common Files\Oracle\Java\javapath;C:\Program Files\Java\jdk-11\bin;C:\Windows\system32;C:\Windows;C:\Windows\system32\WBEM;c:\Windows;c:\Windows\system32;C:\Program Files\Docker\Docker\resources\bin;C:\ProgramData\DockerDesktop\version-bin;C:\Program Files\JetBrains\IntelliJ IDEA 2021.2.2\plugins\maven\lib\maven3;C:\Program Files\JetBrains\IntelliJ IDEA 2021.2.2\plugins\maven\lib\maven3\bin;C:/ProgramData/Microsoft/Windows/Start Menu/Programs/Git;C:/Program Files/Git/cmd;."/>
    <property name="java.vendor" value="Oracle Corporation"/>
    <property name="java.vm.info" value="mixed mode"/>
    <property name="java.vm.version" value="11+28"/>
    <property name="sun.io.unicode.encoding" value="UnicodeLittle"/>
    <property name="java.class.version" value="55.0"/>
  </properties>
  <testcase name="shouldProperlyExecuteCommand" classname="StopCommandTest" time="0"/>
</testsuite>